文件 === CASkinManager ===> TASuburbsLives
文件 === CAMenuView ===> TACountryShare
文件 === CAActionSheetView ===> TAAreasCalled
文件 === CASocket ===> TAVulnerablePlaces
文件 === CAPhotoAlbumImagePicker ===> TAPatroledExchanged
文件 === CALanguageManager ===> TAUrbanCooperation
文件 === CAToast ===> TAStreetsJumps
文件 === CALoading ===> TAStatisticsSaved
文件 === CANetworkHelper ===> TACrimeStudy
文件 === CAPlaceHolderTextView ===> TARisingThere
文件 === CAFMDBDatabase ===> TADramaticallySaving
文件 === CAFMDBModel ===> TAThoseSnowing
文件 === CAAlertView ===> TAAllegedlyCause
文件 === CAVerificationCode ===> TATranquilXinhua
文件 === CAButton ===> TACitiesHeartaches
文件 === CAChatView ===> TALeavingThere
文件 === CAMessageModel ===> TAFrontFriends
文件 === CAChatManager ===> TALatchGrows
文件 === CAChatHelper ===> TAReplacedTending
文件 === CAChatBoxMoreView ===> TALocksNoting
文件 === CATextView ===> TASecurityAutonomous
文件 === CAMessageBaseTableViewCell ===> TAChainsSuccessful
文件 === CASystemMessageTableViewCell ===> TAElectronicForeign
文件 === CAChatHeaderView ===> TAAlarmPhones
文件 === CAImageMessageTableViewCell ===> TASystemsBrains
文件 === CAChatBoxView ===> TAWiresAppealing
文件 === CATextMessageTableViewCell ===> TAHookedCrying
文件 === CANavigationBar ===> TAPoliceCommittee
文件 === CAPopupView ===> TAStationBehind
文件 === CABaseScrollView ===> TAPrivateMusic
文件 === CAFreshTableView ===> TAGuardIsland
文件 === CABaseAnimationView ===> TASuburbanTrain
文件 === CABaseNavigationController ===> TAFamiliesDoors
文件 === CABaseViewController ===> TASlidingHotels
文件 === CABaseTableView ===> TAGlassSince
文件 === CATabbarController ===> TADoorsPlans
文件 === CABaseButton ===> TATheirOurselves
文件 === CAWebViewController ===> TAPatiosBrightest
文件 === CAShareAppViewController ===> TASteelInterest
文件 === CAHomeViewController ===> TAElegantlyCharacteristic
文件 === CANoticeModel ===> TABuiltDream
文件 === CABannerModel ===> TAUncommonTowels
文件 === CABannerView ===> TAPleasantOpportunity
文件 === CAHomeSegmentView ===> TAHomesMajor
文件 === CATranscationPairsCollectionView ===> TAPastedFamous
文件 === CASegmentIndicatorView ===> TAWindowsParties
文件 === CANoticeView ===> TASmallTaking
文件 === CATranscationPairsView ===> TANoticesTraditional
文件 === CAHomeTableView ===> TAAnnouncingHelpful
文件 === CAShadowView ===> TAPremisesTaking
文件 === CAHomeTableViewCell ===> TAUnderSnowball
文件 === CAEntrustListInfoViewController ===> TASurveillanceMatter
文件 === CAEntrustListViewController ===> TAForceEventually
文件 === CABBViewController ===> TACompanyPrograms
文件 === CAEntrustModel ===> TASymbolRemains
文件 === CASymbolsModel ===> TAAmericaStudy
文件 === CABBTradingListView ===> TAIndeedPlenty
文件 === CABBMenuView ===> TARecentInternational
文件 === CABBtradingHeaderRightView ===> TAPublicHowever
文件 === CABBDeepListView ===> TAServiceOffer
文件 === CAProgressView ===> TAAdvertisementDispirited
文件 === CABiBiIOView ===> TALargeThere
文件 === CABBBottomTimeLineView ===> TAInsuranceCollaboration
文件 === CABBSearshView ===> TAFeaturedNobody
文件 === CASearchTableViewCell ===> TAChartsConcerning
文件 === CARowView ===> TAShowingIndeed
文件 === CADrawBackGroundColorView ===> TAPictureCalled
文件 === CAEmptyTableViewCell ===> TAChildCloud
文件 === CAEntrustBaseTableViewCell ===> TABicycleFinally
文件 === CAEncrustFilterView ===> TAUsualMessages
文件 === CAEntrustTableViewCell ===> TAPadlockShopping
文件 === CAEntrustHistoryListTableViewCell ===> TAAttachedShoes
文件 === CAChooseView ===> TAPointedWonderful
文件 === CAEnTrustTableView ===> TACompaniesEveryone
文件 === CAPersonCenterViewController ===> TAStolenUsually
文件 === CAAgentViewController ===> TAGoodsEvening
文件 === CApaymentMethodViewController ===> TAGoingSnowman
文件 === CAInviteFriendViewController ===> TAAtmosphereMindful
文件 === CAEmailViewController ===> TADistrustExample
文件 === CARealNameAuthViewController ===> TADoingCombating
文件 === CAFundPasswordViewController ===> TAPsychicScientific
文件 === CAAddPayListViewController ===> TAPaymentEither
文件 === CAAddPayViewController ===> TATransformationStudy
文件 === CABindPhoneViewController ===> TAHappenedExcellent
文件 === CAAboutUsViewController ===> TABecomeHowever
文件 === CAUpdatePasswordViewController ===> TADefendingStressed
文件 === CAChangeLanguageViewController ===> TAOurselvesLearning
文件 === CAEditLegalNicknameViewController ===> TAAgainstToday
文件 === CASetupViewController ===> TAAmericanEpidemics
文件 === CARechageViewController ===> TAPuttingUnderscored
文件 === CAFeedbackViewController ===> TABarriersIdentifying
文件 === CAMyFriendListViewController ===> TAThinkWorry
文件 === CAAgreementViewController ===> TAAboutEntertain
文件 === CAMoneyViewController ===> TATakenTibet
文件 === CAAssetDetailsViewController ===> TAMediumStreet
文件 === CATransferViewController ===> TAChancesRemarks
文件 === CAAssetRecordDetailViewController ===> TAWanderShopping
文件 === CAFriendsModel ===> TAProbablyAccess
文件 === CAAccounts ===> TACarryWhich
文件 === CACurrencyMoneyModel ===> TAAccessNation
文件 === CAMoneyActionMenuView ===> TAOtherwiseExperience
文件 === CAMoneyTableViewHeaderView ===> TAAllowsStarted
文件 === CAPersonCenterTableViewCell ===> TAPlaceYoung
文件 === CAPayMethodsListTableViewCell ===> TAMaybeSeeking
文件 === CAMoneyTableViewCell ===> TAKnowsTraditional
文件 === CAAssetRecordDetailTableViewCell ===> TARemainsDream
文件 === CAPersonCenterTipsTableViewCell ===> TABusinessActual
文件 === CAAssetDetailsTableViewCell ===> TAFeelsMedical
文件 === CAAccountTotalView ===> TAThreatenedSuccessful
文件 === CAFriendListTableViewCell ===> TAEnoughWiden
文件 === CAMineTableViewCell ===> TAOutsidersParty
文件 === CAMineView ===> TATheseTakes
文件 === CAMineHeaderView ===> TAThereComplex
文件 === CAAssetDeatilsHeaderView ===> TAMomentsCustoms
文件 === CAMarketViewController ===> TASomeoneWonderful
文件 === CABitListView ===> TADreamsFollow
文件 === CANotiUpDownView ===> TADreamSubstitute
文件 === CALegalViewController ===> TADreamAutonomous
文件 === CAOrderViewController ===> TAWhereScenic
文件 === CACreatADViewController ===> TABecauseContinuously
文件 === CAMyOrderListViewController ===> TAChanceRound
文件 === CAAppealViewController ===> TAThingsRegion
文件 === CAOrderInfoModel ===> TAHappinessAbsorbing
文件 === CAOrderInfoCellModel ===> TASweetWatching
文件 === CAOrderModel ===> TATrialsRelief
文件 === CACurrencyModel ===> TAStrongAsking
文件 === CAAdvertisementModel ===> TASorrowPress
文件 === CALegalMenuItemView ===> TAHumanScenic
文件 === CAOrderBottomView ===> TAHappyXigaze
文件 === CAOrderTopView ===> TAAlwaysPolitical
文件 === CAPayInfoPopView ===> TAYourselfProven
文件 === CAAlertInsureView ===> TAOthersGardens
文件 === CACreatOrderView ===> TAShoesShoes
文件 === CAChoosePayTypeView ===> TAHurtsSmiling
文件 === CALegalTableView ===> TAOtherInterested
文件 === CALegalTopMenuView ===> TAPersonGlobally
文件 === CALegalTableViewCell ===> TAHappiestAdvisor
文件 === CAOrderListTableViewCell ===> TAPeopleAbove
文件 === CAOrderinfoCell ===> TANecessarilyAnimal
文件 === CAOrderInfoCurrencyTableViewCell ===> TAEverythingHostels
文件 === CACountryViewController ===> TAComesSmiling
文件 === CAloginViewController ===> TAAlongDuring
文件 === CARegistViewController ===> TAHappinessThemselves
文件 === CAForgetPasswordViewController ===> TASearchedFlying
文件 === CACountryModel ===> TATriedWiden
文件 === CAUser ===> TAAppreciatePlans
文件 === CAInputView ===> TAImportanceSmiling
文件 === CADeepListTableViewCell ===> TATouchedLeast
文件 === CASegmentView ===> TALivesTogether
文件 === CABriefTableViewCell ===> TABeginsHappy
文件 === CADealTableViewCell ===> TASmileViral
文件 === CAShapeLayer+YKLineLayer ===> TAGrowsEasily
文件 === CATextLayer+DateTextLayer ===> TABrightestTrain
文件 === CAShapeLayer+YKCandleLayer ===> TAFutureStrengthening
文件 === CADeepListView ===> TAAlwaysMarching
文件 === CAIndicatorSegmentView ===> TABasedSouthwest
